2023-08-29 11:32:21,326 - WARNING -  * Debugger is active!
2023-08-29 11:32:21,332 - INFO -  * Debugger PIN: 144-125-185
2023-08-29 11:33:00,723 - INFO - https://www.google.co.in/search?q=aliens&num=1&gl=IN&tbs=sbd:1,qdr:d&tbm=nws&source=lnt&num=100&gl=IN
2023-08-29 11:33:33,985 - ERROR - Error downloading article from https://bleedingcool.com/tv/alien-fx-noah-hawley-series-suspends-filming-kit-young-joins-cast/: Article `download()` failed with 403 Client Error: Forbidden for url: https://bleedingcool.com/tv/alien-fx-noah-hawley-series-suspends-filming-kit-young-joins-cast/ on URL https://bleedingcool.com/tv/alien-fx-noah-hawley-series-suspends-filming-kit-young-joins-cast/
2023-08-29 11:33:33,985 - INFO - Retrying in 5 seconds...
2023-08-29 11:33:34,848 - ERROR - Error downloading article from https://bleedingcool.com/tv/alien-fx-noah-hawley-series-suspends-filming-kit-young-joins-cast/: Article `download()` failed with 403 Client Error: Forbidden for url: https://bleedingcool.com/tv/alien-fx-noah-hawley-series-suspends-filming-kit-young-joins-cast/ on URL https://bleedingcool.com/tv/alien-fx-noah-hawley-series-suspends-filming-kit-young-joins-cast/
2023-08-29 11:33:34,848 - INFO - Retrying in 5 seconds...
2023-08-29 11:33:35,690 - ERROR - Error downloading article from https://bleedingcool.com/tv/alien-fx-noah-hawley-series-suspends-filming-kit-young-joins-cast/: Article `download()` failed with 403 Client Error: Forbidden for url: https://bleedingcool.com/tv/alien-fx-noah-hawley-series-suspends-filming-kit-young-joins-cast/ on URL https://bleedingcool.com/tv/alien-fx-noah-hawley-series-suspends-filming-kit-young-joins-cast/
2023-08-29 11:33:35,690 - INFO - Retrying in 5 seconds...
2023-08-29 11:33:35,692 - INFO - Skipping article: https://bleedingcool.com/tv/alien-fx-noah-hawley-series-suspends-filming-kit-young-joins-cast/
2023-08-29 11:33:40,638 - ERROR - Error downloading article from https://www.dailyexpress.com.my/news/219066/17-mamut-alien-plant-species-study-also-finds-low-density-and-diversity-of-butterflies-and-moths-/: Article `download()` failed with 404 Client Error: Not Found for url: https://www.dailyexpress.com.my/news/219066/17-mamut-alien-plant-species-study-also-finds-low-density-and-diversity-of-butterflies-and-moths-/ on URL https://www.dailyexpress.com.my/news/219066/17-mamut-alien-plant-species-study-also-finds-low-density-and-diversity-of-butterflies-and-moths-/
2023-08-29 11:33:40,638 - INFO - Retrying in 5 seconds...
2023-08-29 11:33:41,614 - ERROR - Error downloading article from https://www.dailyexpress.com.my/news/219066/17-mamut-alien-plant-species-study-also-finds-low-density-and-diversity-of-butterflies-and-moths-/: Article `download()` failed with 404 Client Error: Not Found for url: https://www.dailyexpress.com.my/news/219066/17-mamut-alien-plant-species-study-also-finds-low-density-and-diversity-of-butterflies-and-moths-/ on URL https://www.dailyexpress.com.my/news/219066/17-mamut-alien-plant-species-study-also-finds-low-density-and-diversity-of-butterflies-and-moths-/
2023-08-29 11:33:41,614 - INFO - Retrying in 5 seconds...
2023-08-29 11:33:42,835 - ERROR - Error downloading article from https://www.dailyexpress.com.my/news/219066/17-mamut-alien-plant-species-study-also-finds-low-density-and-diversity-of-butterflies-and-moths-/: Article `download()` failed with 404 Client Error: Not Found for url: https://www.dailyexpress.com.my/news/219066/17-mamut-alien-plant-species-study-also-finds-low-density-and-diversity-of-butterflies-and-moths-/ on URL https://www.dailyexpress.com.my/news/219066/17-mamut-alien-plant-species-study-also-finds-low-density-and-diversity-of-butterflies-and-moths-/
2023-08-29 11:33:42,835 - INFO - Retrying in 5 seconds...
2023-08-29 11:33:42,836 - INFO - Skipping article: https://www.dailyexpress.com.my/news/219066/17-mamut-alien-plant-species-study-also-finds-low-density-and-diversity-of-butterflies-and-moths-/
2023-08-29 11:34:32,900 - ERROR - Error downloading article from https://movieweb.com/80s-movies-every-kid-should-see/: Article `download()` failed with ('Connection aborted.', RemoteDisconnected('Remote end closed connection without response')) on URL https://movieweb.com/80s-movies-every-kid-should-see/
2023-08-29 11:34:32,900 - INFO - Retrying in 5 seconds...
2023-08-29 11:34:33,767 - ERROR - Error downloading article from https://movieweb.com/80s-movies-every-kid-should-see/: Article `download()` failed with ('Connection aborted.', RemoteDisconnected('Remote end closed connection without response')) on URL https://movieweb.com/80s-movies-every-kid-should-see/
2023-08-29 11:34:33,767 - INFO - Retrying in 5 seconds...
2023-08-29 11:34:34,623 - ERROR - Error downloading article from https://movieweb.com/80s-movies-every-kid-should-see/: Article `download()` failed with ('Connection aborted.', RemoteDisconnected('Remote end closed connection without response')) on URL https://movieweb.com/80s-movies-every-kid-should-see/
2023-08-29 11:34:34,623 - INFO - Retrying in 5 seconds...
2023-08-29 11:34:34,625 - INFO - Skipping article: https://movieweb.com/80s-movies-every-kid-should-see/
2023-08-29 11:34:48,798 - ERROR - Error downloading article from https://screenrant.com/strongest-godzilla-team-ups-monsters/: Article `download()` failed with ('Connection aborted.', RemoteDisconnected('Remote end closed connection without response')) on URL https://screenrant.com/strongest-godzilla-team-ups-monsters/
2023-08-29 11:34:48,800 - INFO - Retrying in 5 seconds...
2023-08-29 11:34:49,644 - ERROR - Error downloading article from https://screenrant.com/strongest-godzilla-team-ups-monsters/: Article `download()` failed with ('Connection aborted.', RemoteDisconnected('Remote end closed connection without response')) on URL https://screenrant.com/strongest-godzilla-team-ups-monsters/
2023-08-29 11:34:49,648 - INFO - Retrying in 5 seconds...
2023-08-29 11:34:50,538 - ERROR - Error downloading article from https://screenrant.com/strongest-godzilla-team-ups-monsters/: Article `download()` failed with ('Connection aborted.', RemoteDisconnected('Remote end closed connection without response')) on URL https://screenrant.com/strongest-godzilla-team-ups-monsters/
2023-08-29 11:34:50,538 - INFO - Retrying in 5 seconds...
2023-08-29 11:34:50,539 - INFO - Skipping article: https://screenrant.com/strongest-godzilla-team-ups-monsters/
2023-08-29 11:35:14,704 - INFO - Skipping blacklisted domain: movieweb.com
2023-08-29 11:35:15,620 - ERROR - Error downloading article from https://www.lexology.com/library/detail.aspx%3Fg%3D23ec75fa-bb06-4aed-ac5c-00ac5c281410: Article `download()` failed with 400 Client Error: Bad Request for url: https://www.lexology.com/library/detail.aspx%3Fg%3D23ec75fa-bb06-4aed-ac5c-00ac5c281410 on URL https://www.lexology.com/library/detail.aspx%3Fg%3D23ec75fa-bb06-4aed-ac5c-00ac5c281410
2023-08-29 11:35:15,620 - INFO - Retrying in 5 seconds...
2023-08-29 11:35:16,025 - ERROR - Error downloading article from https://www.lexology.com/library/detail.aspx%3Fg%3D23ec75fa-bb06-4aed-ac5c-00ac5c281410: Article `download()` failed with 400 Client Error: Bad Request for url: https://www.lexology.com/library/detail.aspx%3Fg%3D23ec75fa-bb06-4aed-ac5c-00ac5c281410 on URL https://www.lexology.com/library/detail.aspx%3Fg%3D23ec75fa-bb06-4aed-ac5c-00ac5c281410
2023-08-29 11:35:16,025 - INFO - Retrying in 5 seconds...
2023-08-29 11:35:16,641 - ERROR - Error downloading article from https://www.lexology.com/library/detail.aspx%3Fg%3D23ec75fa-bb06-4aed-ac5c-00ac5c281410: Article `download()` failed with 400 Client Error: Bad Request for url: https://www.lexology.com/library/detail.aspx%3Fg%3D23ec75fa-bb06-4aed-ac5c-00ac5c281410 on URL https://www.lexology.com/library/detail.aspx%3Fg%3D23ec75fa-bb06-4aed-ac5c-00ac5c281410
2023-08-29 11:35:16,641 - INFO - Retrying in 5 seconds...
2023-08-29 11:35:16,649 - INFO - Skipping article: https://www.lexology.com/library/detail.aspx%3Fg%3D23ec75fa-bb06-4aed-ac5c-00ac5c281410
2023-08-29 11:35:18,561 - INFO - Skipping blacklisted domain: screenrant.com
2023-08-29 11:35:20,500 - INFO - Skipping blacklisted domain: movieweb.com
2023-08-29 11:35:38,522 - ERROR - Error downloading article from https://dailyhive.com/calgary/weird-rural-alberta-date-spots: Article `download()` failed with 403 Client Error: Forbidden for url: https://dailyhive.com/calgary/weird-rural-alberta-date-spots on URL https://dailyhive.com/calgary/weird-rural-alberta-date-spots
2023-08-29 11:35:38,522 - INFO - Retrying in 5 seconds...
2023-08-29 11:35:38,659 - ERROR - Error downloading article from https://dailyhive.com/calgary/weird-rural-alberta-date-spots: Article `download()` failed with 403 Client Error: Forbidden for url: https://dailyhive.com/calgary/weird-rural-alberta-date-spots on URL https://dailyhive.com/calgary/weird-rural-alberta-date-spots
2023-08-29 11:35:38,659 - INFO - Retrying in 5 seconds...
2023-08-29 11:35:38,825 - ERROR - Error downloading article from https://dailyhive.com/calgary/weird-rural-alberta-date-spots: Article `download()` failed with 403 Client Error: Forbidden for url: https://dailyhive.com/calgary/weird-rural-alberta-date-spots on URL https://dailyhive.com/calgary/weird-rural-alberta-date-spots
2023-08-29 11:35:38,825 - INFO - Retrying in 5 seconds...
2023-08-29 11:35:38,826 - INFO - Skipping article: https://dailyhive.com/calgary/weird-rural-alberta-date-spots
2023-08-29 11:35:46,851 - ERROR - Error downloading article from https://www.cbr.com/mcu-secret-invasion-fantastic-four-thunderbolt-ross/: Article `download()` failed with ('Connection aborted.', RemoteDisconnected('Remote end closed connection without response')) on URL https://www.cbr.com/mcu-secret-invasion-fantastic-four-thunderbolt-ross/
2023-08-29 11:35:46,851 - INFO - Retrying in 5 seconds...
2023-08-29 11:35:47,668 - ERROR - Error downloading article from https://www.cbr.com/mcu-secret-invasion-fantastic-four-thunderbolt-ross/: Article `download()` failed with ('Connection aborted.', RemoteDisconnected('Remote end closed connection without response')) on URL https://www.cbr.com/mcu-secret-invasion-fantastic-four-thunderbolt-ross/
2023-08-29 11:35:47,668 - INFO - Retrying in 5 seconds...
2023-08-29 11:35:48,514 - ERROR - Error downloading article from https://www.cbr.com/mcu-secret-invasion-fantastic-four-thunderbolt-ross/: Article `download()` failed with ('Connection aborted.', RemoteDisconnected('Remote end closed connection without response')) on URL https://www.cbr.com/mcu-secret-invasion-fantastic-four-thunderbolt-ross/
2023-08-29 11:35:48,514 - INFO - Retrying in 5 seconds...
2023-08-29 11:35:48,516 - INFO - Skipping article: https://www.cbr.com/mcu-secret-invasion-fantastic-four-thunderbolt-ross/
2023-08-29 11:35:55,172 - INFO - [31m[1mWARNING: This is a development server. Do not use it in a production deployment. Use a production WSGI server instead.[0m
 * Running on http://127.0.0.1:5000
2023-08-29 11:35:55,172 - INFO - [33mPress CTRL+C to quit[0m
2023-08-29 11:35:55,175 - INFO -  * Restarting with stat
2023-08-29 11:35:58,097 - WARNING -  * Debugger is active!
2023-08-29 11:35:58,107 - INFO -  * Debugger PIN: 144-125-185
2023-08-29 11:35:58,125 - INFO - https://www.google.co.in/search?q=aliens&num=1&gl=IN&tbs=sbd:1,qdr:d&tbm=nws&source=lnt&num=100&gl=IN
2023-08-29 11:36:03,664 - INFO - https://www.google.co.in/search?q=aliens&num=1&gl=IN&tbs=sbd:1,qdr:d&tbm=nws&source=lnt&num=100&gl=IN
2023-08-29 11:36:10,331 - INFO - https://www.google.co.in/search?q=&num=1&gl=IN&tbs=sbd:1,qdr:d&tbm=nws&source=lnt&num=100&gl=IN
2023-08-29 11:36:12,248 - INFO - 127.0.0.1 - - [29/Aug/2023 11:36:12] "GET /api/articles?query= HTTP/1.1" 200 -
2023-08-29 11:36:28,375 - ERROR - Error downloading article from https://www.msn.com/en-gb/news/other/ufo-looking-like-a-christmas-tree-in-the-night-sky-was-as-huge-as-a-football-field/ar-AA1fUNeg: Article `download()` failed with HTTPSConnectionPool(host='www.msn.com', port=443): Read timed out. (read timeout=7) on URL https://www.msn.com/en-gb/news/other/ufo-looking-like-a-christmas-tree-in-the-night-sky-was-as-huge-as-a-football-field/ar-AA1fUNeg
2023-08-29 11:36:28,377 - INFO - Retrying in 5 seconds...
2023-08-29 11:36:36,623 - ERROR - Error downloading article from https://bleedingcool.com/tv/alien-fx-noah-hawley-series-suspends-filming-kit-young-joins-cast/: Article `download()` failed with 403 Client Error: Forbidden for url: https://bleedingcool.com/tv/alien-fx-noah-hawley-series-suspends-filming-kit-young-joins-cast/ on URL https://bleedingcool.com/tv/alien-fx-noah-hawley-series-suspends-filming-kit-young-joins-cast/
2023-08-29 11:36:36,623 - INFO - Retrying in 5 seconds...
2023-08-29 11:36:37,549 - ERROR - Error downloading article from https://bleedingcool.com/tv/alien-fx-noah-hawley-series-suspends-filming-kit-young-joins-cast/: Article `download()` failed with 403 Client Error: Forbidden for url: https://bleedingcool.com/tv/alien-fx-noah-hawley-series-suspends-filming-kit-young-joins-cast/ on URL https://bleedingcool.com/tv/alien-fx-noah-hawley-series-suspends-filming-kit-young-joins-cast/
2023-08-29 11:36:37,549 - INFO - Retrying in 5 seconds...
2023-08-29 11:36:38,459 - ERROR - Error downloading article from https://bleedingcool.com/tv/alien-fx-noah-hawley-series-suspends-filming-kit-young-joins-cast/: Article `download()` failed with 403 Client Error: Forbidden for url: https://bleedingcool.com/tv/alien-fx-noah-hawley-series-suspends-filming-kit-young-joins-cast/ on URL https://bleedingcool.com/tv/alien-fx-noah-hawley-series-suspends-filming-kit-young-joins-cast/
2023-08-29 11:36:38,459 - INFO - Retrying in 5 seconds...
2023-08-29 11:36:38,461 - INFO - Skipping article: https://bleedingcool.com/tv/alien-fx-noah-hawley-series-suspends-filming-kit-young-joins-cast/
2023-08-29 11:36:42,457 - ERROR - Error downloading article from https://www.dailyexpress.com.my/news/219066/17-mamut-alien-plant-species-study-also-finds-low-density-and-diversity-of-butterflies-and-moths-/: Article `download()` failed with 404 Client Error: Not Found for url: https://www.dailyexpress.com.my/news/219066/17-mamut-alien-plant-species-study-also-finds-low-density-and-diversity-of-butterflies-and-moths-/ on URL https://www.dailyexpress.com.my/news/219066/17-mamut-alien-plant-species-study-also-finds-low-density-and-diversity-of-butterflies-and-moths-/
2023-08-29 11:36:42,457 - INFO - Retrying in 5 seconds...
2023-08-29 11:36:43,172 - ERROR - Error downloading article from https://bleedingcool.com/tv/alien-fx-noah-hawley-series-suspends-filming-kit-young-joins-cast/: Article `download()` failed with 403 Client Error: Forbidden for url: https://bleedingcool.com/tv/alien-fx-noah-hawley-series-suspends-filming-kit-young-joins-cast/ on URL https://bleedingcool.com/tv/alien-fx-noah-hawley-series-suspends-filming-kit-young-joins-cast/
2023-08-29 11:36:43,174 - INFO - Retrying in 5 seconds...
2023-08-29 11:36:43,476 - ERROR - Error downloading article from https://www.dailyexpress.com.my/news/219066/17-mamut-alien-plant-species-study-also-finds-low-density-and-diversity-of-butterflies-and-moths-/: Article `download()` failed with 404 Client Error: Not Found for url: https://www.dailyexpress.com.my/news/219066/17-mamut-alien-plant-species-study-also-finds-low-density-and-diversity-of-butterflies-and-moths-/ on URL https://www.dailyexpress.com.my/news/219066/17-mamut-alien-plant-species-study-also-finds-low-density-and-diversity-of-butterflies-and-moths-/
2023-08-29 11:36:43,480 - INFO - Retrying in 5 seconds...
2023-08-29 11:36:44,092 - ERROR - Error downloading article from https://bleedingcool.com/tv/alien-fx-noah-hawley-series-suspends-filming-kit-young-joins-cast/: Article `download()` failed with 403 Client Error: Forbidden for url: https://bleedingcool.com/tv/alien-fx-noah-hawley-series-suspends-filming-kit-young-joins-cast/ on URL https://bleedingcool.com/tv/alien-fx-noah-hawley-series-suspends-filming-kit-young-joins-cast/
2023-08-29 11:36:44,092 - INFO - Retrying in 5 seconds...
2023-08-29 11:36:44,502 - ERROR - Error downloading article from https://www.dailyexpress.com.my/news/219066/17-mamut-alien-plant-species-study-also-finds-low-density-and-diversity-of-butterflies-and-moths-/: Article `download()` failed with 404 Client Error: Not Found for url: https://www.dailyexpress.com.my/news/219066/17-mamut-alien-plant-species-study-also-finds-low-density-and-diversity-of-butterflies-and-moths-/ on URL https://www.dailyexpress.com.my/news/219066/17-mamut-alien-plant-species-study-also-finds-low-density-and-diversity-of-butterflies-and-moths-/
2023-08-29 11:36:44,505 - INFO - Retrying in 5 seconds...
2023-08-29 11:36:44,506 - INFO - Skipping article: https://www.dailyexpress.com.my/news/219066/17-mamut-alien-plant-species-study-also-finds-low-density-and-diversity-of-butterflies-and-moths-/
2023-08-29 11:36:44,977 - ERROR - Error downloading article from https://bleedingcool.com/tv/alien-fx-noah-hawley-series-suspends-filming-kit-young-joins-cast/: Article `download()` failed with 403 Client Error: Forbidden for url: https://bleedingcool.com/tv/alien-fx-noah-hawley-series-suspends-filming-kit-young-joins-cast/ on URL https://bleedingcool.com/tv/alien-fx-noah-hawley-series-suspends-filming-kit-young-joins-cast/
2023-08-29 11:36:44,977 - INFO - Retrying in 5 seconds...
2023-08-29 11:36:44,977 - INFO - Skipping article: https://bleedingcool.com/tv/alien-fx-noah-hawley-series-suspends-filming-kit-young-joins-cast/
2023-08-29 11:36:47,837 - ERROR - Error downloading article from https://www.dailyexpress.com.my/news/219066/17-mamut-alien-plant-species-study-also-finds-low-density-and-diversity-of-butterflies-and-moths-/: Article `download()` failed with 404 Client Error: Not Found for url: https://www.dailyexpress.com.my/news/219066/17-mamut-alien-plant-species-study-also-finds-low-density-and-diversity-of-butterflies-and-moths-/ on URL https://www.dailyexpress.com.my/news/219066/17-mamut-alien-plant-species-study-also-finds-low-density-and-diversity-of-butterflies-and-moths-/
2023-08-29 11:36:47,844 - INFO - Retrying in 5 seconds...
2023-08-29 11:36:48,808 - ERROR - Error downloading article from https://www.dailyexpress.com.my/news/219066/17-mamut-alien-plant-species-study-also-finds-low-density-and-diversity-of-butterflies-and-moths-/: Article `download()` failed with 404 Client Error: Not Found for url: https://www.dailyexpress.com.my/news/219066/17-mamut-alien-plant-species-study-also-finds-low-density-and-diversity-of-butterflies-and-moths-/ on URL https://www.dailyexpress.com.my/news/219066/17-mamut-alien-plant-species-study-also-finds-low-density-and-diversity-of-butterflies-and-moths-/
2023-08-29 11:36:48,808 - INFO - Retrying in 5 seconds...
2023-08-29 11:36:49,827 - ERROR - Error downloading article from https://www.dailyexpress.com.my/news/219066/17-mamut-alien-plant-species-study-also-finds-low-density-and-diversity-of-butterflies-and-moths-/: Article `download()` failed with 404 Client Error: Not Found for url: https://www.dailyexpress.com.my/news/219066/17-mamut-alien-plant-species-study-also-finds-low-density-and-diversity-of-butterflies-and-moths-/ on URL https://www.dailyexpress.com.my/news/219066/17-mamut-alien-plant-species-study-also-finds-low-density-and-diversity-of-butterflies-and-moths-/
2023-08-29 11:36:49,828 - INFO - Retrying in 5 seconds...
2023-08-29 11:36:49,829 - INFO - Skipping article: https://www.dailyexpress.com.my/news/219066/17-mamut-alien-plant-species-study-also-finds-low-density-and-diversity-of-butterflies-and-moths-/
2023-08-29 11:36:52,533 - ERROR - Error downloading article from https://ladiesgamers.com/die-after-sunset-review/: Article `download()` failed with HTTPSConnectionPool(host='ladiesgamers.com', port=443): Read timed out. (read timeout=7) on URL https://ladiesgamers.com/die-after-sunset-review/
2023-08-29 11:36:52,533 - INFO - Retrying in 5 seconds...
2023-08-29 11:37:00,759 - INFO -  * Detected change in 'c:\\Users\\asoka\\Documents\\gitprojects\\google_news_sentiment_analysis\\api\\app.py', reloading
2023-08-29 11:37:01,007 - INFO -  * Restarting with stat
2023-08-29 11:37:03,913 - WARNING -  * Debugger is active!
2023-08-29 11:37:03,917 - INFO -  * Debugger PIN: 144-125-185
2023-08-29 11:37:08,219 - INFO - https://www.google.co.in/search?q=aliens&num=1&gl=IN&tbs=sbd:1,qdr:d&tbm=nws&source=lnt&num=100&gl=IN
2023-08-29 11:37:32,307 - ERROR - Error downloading article from https://bleedingcool.com/tv/alien-fx-noah-hawley-series-suspends-filming-kit-young-joins-cast/: Article `download()` failed with 403 Client Error: Forbidden for url: https://bleedingcool.com/tv/alien-fx-noah-hawley-series-suspends-filming-kit-young-joins-cast/ on URL https://bleedingcool.com/tv/alien-fx-noah-hawley-series-suspends-filming-kit-young-joins-cast/
2023-08-29 11:37:32,307 - INFO - Retrying in 5 seconds...
2023-08-29 11:37:33,150 - ERROR - Error downloading article from https://bleedingcool.com/tv/alien-fx-noah-hawley-series-suspends-filming-kit-young-joins-cast/: Article `download()` failed with 403 Client Error: Forbidden for url: https://bleedingcool.com/tv/alien-fx-noah-hawley-series-suspends-filming-kit-young-joins-cast/ on URL https://bleedingcool.com/tv/alien-fx-noah-hawley-series-suspends-filming-kit-young-joins-cast/
2023-08-29 11:37:33,150 - INFO - Retrying in 5 seconds...
2023-08-29 11:37:34,017 - ERROR - Error downloading article from https://bleedingcool.com/tv/alien-fx-noah-hawley-series-suspends-filming-kit-young-joins-cast/: Article `download()` failed with 403 Client Error: Forbidden for url: https://bleedingcool.com/tv/alien-fx-noah-hawley-series-suspends-filming-kit-young-joins-cast/ on URL https://bleedingcool.com/tv/alien-fx-noah-hawley-series-suspends-filming-kit-young-joins-cast/
2023-08-29 11:37:34,017 - INFO - Retrying in 5 seconds...
2023-08-29 11:37:34,017 - INFO - Skipping article: https://bleedingcool.com/tv/alien-fx-noah-hawley-series-suspends-filming-kit-young-joins-cast/
2023-08-29 11:37:36,531 - ERROR - Error downloading article from https://www.dailyexpress.com.my/news/219066/17-mamut-alien-plant-species-study-also-finds-low-density-and-diversity-of-butterflies-and-moths-/: Article `download()` failed with 404 Client Error: Not Found for url: https://www.dailyexpress.com.my/news/219066/17-mamut-alien-plant-species-study-also-finds-low-density-and-diversity-of-butterflies-and-moths-/ on URL https://www.dailyexpress.com.my/news/219066/17-mamut-alien-plant-species-study-also-finds-low-density-and-diversity-of-butterflies-and-moths-/
2023-08-29 11:37:36,531 - INFO - Retrying in 5 seconds...
2023-08-29 11:37:37,760 - ERROR - Error downloading article from https://www.dailyexpress.com.my/news/219066/17-mamut-alien-plant-species-study-also-finds-low-density-and-diversity-of-butterflies-and-moths-/: Article `download()` failed with 404 Client Error: Not Found for url: https://www.dailyexpress.com.my/news/219066/17-mamut-alien-plant-species-study-also-finds-low-density-and-diversity-of-butterflies-and-moths-/ on URL https://www.dailyexpress.com.my/news/219066/17-mamut-alien-plant-species-study-also-finds-low-density-and-diversity-of-butterflies-and-moths-/
2023-08-29 11:37:37,760 - INFO - Retrying in 5 seconds...
2023-08-29 11:37:38,988 - ERROR - Error downloading article from https://www.dailyexpress.com.my/news/219066/17-mamut-alien-plant-species-study-also-finds-low-density-and-diversity-of-butterflies-and-moths-/: Article `download()` failed with 404 Client Error: Not Found for url: https://www.dailyexpress.com.my/news/219066/17-mamut-alien-plant-species-study-also-finds-low-density-and-diversity-of-butterflies-and-moths-/ on URL https://www.dailyexpress.com.my/news/219066/17-mamut-alien-plant-species-study-also-finds-low-density-and-diversity-of-butterflies-and-moths-/
2023-08-29 11:37:38,988 - INFO - Retrying in 5 seconds...
2023-08-29 11:37:38,990 - INFO - Skipping article: https://www.dailyexpress.com.my/news/219066/17-mamut-alien-plant-species-study-also-finds-low-density-and-diversity-of-butterflies-and-moths-/
2023-08-29 11:38:13,201 - ERROR - Error downloading article from https://movieweb.com/80s-movies-every-kid-should-see/: Article `download()` failed with ('Connection aborted.', RemoteDisconnected('Remote end closed connection without response')) on URL https://movieweb.com/80s-movies-every-kid-should-see/
2023-08-29 11:38:13,201 - INFO - Retrying in 5 seconds...
2023-08-29 11:38:14,014 - ERROR - Error downloading article from https://movieweb.com/80s-movies-every-kid-should-see/: Article `download()` failed with ('Connection aborted.', RemoteDisconnected('Remote end closed connection without response')) on URL https://movieweb.com/80s-movies-every-kid-should-see/
2023-08-29 11:38:14,014 - INFO - Retrying in 5 seconds...
2023-08-29 11:38:14,929 - ERROR - Error downloading article from https://movieweb.com/80s-movies-every-kid-should-see/: Article `download()` failed with ('Connection aborted.', RemoteDisconnected('Remote end closed connection without response')) on URL https://movieweb.com/80s-movies-every-kid-should-see/
2023-08-29 11:38:14,930 - INFO - Retrying in 5 seconds...
2023-08-29 11:38:14,931 - INFO - Skipping article: https://movieweb.com/80s-movies-every-kid-should-see/
2023-08-29 11:38:23,111 - ERROR - Error downloading article from https://screenrant.com/strongest-godzilla-team-ups-monsters/: Article `download()` failed with ('Connection aborted.', RemoteDisconnected('Remote end closed connection without response')) on URL https://screenrant.com/strongest-godzilla-team-ups-monsters/
2023-08-29 11:38:23,111 - INFO - Retrying in 5 seconds...
2023-08-29 11:38:24,030 - ERROR - Error downloading article from https://screenrant.com/strongest-godzilla-team-ups-monsters/: Article `download()` failed with ('Connection aborted.', RemoteDisconnected('Remote end closed connection without response')) on URL https://screenrant.com/strongest-godzilla-team-ups-monsters/
2023-08-29 11:38:24,030 - INFO - Retrying in 5 seconds...
2023-08-29 11:38:25,975 - ERROR - Error downloading article from https://screenrant.com/strongest-godzilla-team-ups-monsters/: Article `download()` failed with ('Connection aborted.', RemoteDisconnected('Remote end closed connection without response')) on URL https://screenrant.com/strongest-godzilla-team-ups-monsters/
2023-08-29 11:38:25,975 - INFO - Retrying in 5 seconds...
2023-08-29 11:38:25,975 - INFO - Skipping article: https://screenrant.com/strongest-godzilla-team-ups-monsters/
2023-08-29 11:38:47,208 - INFO - Skipping blacklisted domain: movieweb.com
2023-08-29 11:38:48,219 - ERROR - Error downloading article from https://www.lexology.com/library/detail.aspx%3Fg%3D23ec75fa-bb06-4aed-ac5c-00ac5c281410: Article `download()` failed with 400 Client Error: Bad Request for url: https://www.lexology.com/library/detail.aspx%3Fg%3D23ec75fa-bb06-4aed-ac5c-00ac5c281410 on URL https://www.lexology.com/library/detail.aspx%3Fg%3D23ec75fa-bb06-4aed-ac5c-00ac5c281410
2023-08-29 11:38:48,219 - INFO - Retrying in 5 seconds...
2023-08-29 11:38:48,788 - ERROR - Error downloading article from https://www.lexology.com/library/detail.aspx%3Fg%3D23ec75fa-bb06-4aed-ac5c-00ac5c281410: Article `download()` failed with 400 Client Error: Bad Request for url: https://www.lexology.com/library/detail.aspx%3Fg%3D23ec75fa-bb06-4aed-ac5c-00ac5c281410 on URL https://www.lexology.com/library/detail.aspx%3Fg%3D23ec75fa-bb06-4aed-ac5c-00ac5c281410
2023-08-29 11:38:48,788 - INFO - Retrying in 5 seconds...
2023-08-29 11:38:49,098 - ERROR - Error downloading article from https://www.lexology.com/library/detail.aspx%3Fg%3D23ec75fa-bb06-4aed-ac5c-00ac5c281410: Article `download()` failed with 400 Client Error: Bad Request for url: https://www.lexology.com/library/detail.aspx%3Fg%3D23ec75fa-bb06-4aed-ac5c-00ac5c281410 on URL https://www.lexology.com/library/detail.aspx%3Fg%3D23ec75fa-bb06-4aed-ac5c-00ac5c281410
2023-08-29 11:38:49,098 - INFO - Retrying in 5 seconds...
2023-08-29 11:38:49,102 - INFO - Skipping article: https://www.lexology.com/library/detail.aspx%3Fg%3D23ec75fa-bb06-4aed-ac5c-00ac5c281410
2023-08-29 11:38:50,743 - INFO - Skipping blacklisted domain: screenrant.com
2023-08-29 11:38:58,483 - INFO - Skipping blacklisted domain: movieweb.com
2023-08-29 11:39:16,723 - ERROR - Error downloading article from https://dailyhive.com/calgary/weird-rural-alberta-date-spots: Article `download()` failed with 403 Client Error: Forbidden for url: https://dailyhive.com/calgary/weird-rural-alberta-date-spots on URL https://dailyhive.com/calgary/weird-rural-alberta-date-spots
2023-08-29 11:39:16,723 - INFO - Retrying in 5 seconds...
2023-08-29 11:39:16,862 - ERROR - Error downloading article from https://dailyhive.com/calgary/weird-rural-alberta-date-spots: Article `download()` failed with 403 Client Error: Forbidden for url: https://dailyhive.com/calgary/weird-rural-alberta-date-spots on URL https://dailyhive.com/calgary/weird-rural-alberta-date-spots
2023-08-29 11:39:16,862 - INFO - Retrying in 5 seconds...
2023-08-29 11:39:17,004 - ERROR - Error downloading article from https://dailyhive.com/calgary/weird-rural-alberta-date-spots: Article `download()` failed with 403 Client Error: Forbidden for url: https://dailyhive.com/calgary/weird-rural-alberta-date-spots on URL https://dailyhive.com/calgary/weird-rural-alberta-date-spots
2023-08-29 11:39:17,004 - INFO - Retrying in 5 seconds...
2023-08-29 11:39:17,004 - INFO - Skipping article: https://dailyhive.com/calgary/weird-rural-alberta-date-spots
2023-08-29 11:39:19,082 - INFO -  * Detected change in 'c:\\Users\\asoka\\Documents\\gitprojects\\google_news_sentiment_analysis\\api\\app.py', reloading
2023-08-29 11:39:19,508 - INFO -  * Restarting with stat
2023-08-29 11:39:22,712 - WARNING -  * Debugger is active!
2023-08-29 11:39:22,717 - INFO -  * Debugger PIN: 144-125-185
2023-08-29 11:39:22,736 - INFO - https://www.google.co.in/search?q=aliens&num=1&gl=IN&tbs=sbd:1,qdr:d&tbm=nws&source=lnt&num=20&gl=IN
2023-08-29 11:40:01,478 - ERROR - Error downloading article from https://www.darkhorizons.com/alien-series-adds-kit-young-halts-shoot/: Article `download()` failed with HTTPSConnectionPool(host='www.darkhorizons.com', port=443): Read timed out. on URL https://www.darkhorizons.com/alien-series-adds-kit-young-halts-shoot/
2023-08-29 11:40:01,478 - INFO - Retrying in 5 seconds...
2023-08-29 11:40:17,442 - ERROR - Error downloading article from https://bleedingcool.com/tv/alien-fx-noah-hawley-series-suspends-filming-kit-young-joins-cast/: Article `download()` failed with 403 Client Error: Forbidden for url: https://bleedingcool.com/tv/alien-fx-noah-hawley-series-suspends-filming-kit-young-joins-cast/ on URL https://bleedingcool.com/tv/alien-fx-noah-hawley-series-suspends-filming-kit-young-joins-cast/
2023-08-29 11:40:17,442 - INFO - Retrying in 5 seconds...
2023-08-29 11:40:18,289 - ERROR - Error downloading article from https://bleedingcool.com/tv/alien-fx-noah-hawley-series-suspends-filming-kit-young-joins-cast/: Article `download()` failed with 403 Client Error: Forbidden for url: https://bleedingcool.com/tv/alien-fx-noah-hawley-series-suspends-filming-kit-young-joins-cast/ on URL https://bleedingcool.com/tv/alien-fx-noah-hawley-series-suspends-filming-kit-young-joins-cast/
2023-08-29 11:40:18,289 - INFO - Retrying in 5 seconds...
2023-08-29 11:40:19,113 - ERROR - Error downloading article from https://bleedingcool.com/tv/alien-fx-noah-hawley-series-suspends-filming-kit-young-joins-cast/: Article `download()` failed with 403 Client Error: Forbidden for url: https://bleedingcool.com/tv/alien-fx-noah-hawley-series-suspends-filming-kit-young-joins-cast/ on URL https://bleedingcool.com/tv/alien-fx-noah-hawley-series-suspends-filming-kit-young-joins-cast/
2023-08-29 11:40:19,113 - INFO - Retrying in 5 seconds...
2023-08-29 11:40:19,113 - INFO - Skipping article: https://bleedingcool.com/tv/alien-fx-noah-hawley-series-suspends-filming-kit-young-joins-cast/
2023-08-29 11:40:19,172 - INFO -  * Detected change in 'c:\\Users\\asoka\\Documents\\gitprojects\\google_news_sentiment_analysis\\api\\app.py', reloading
2023-08-29 11:40:19,385 - INFO -  * Restarting with stat
2023-08-29 11:40:31,076 - WARNING -  * Debugger is active!
2023-08-29 11:40:31,080 - INFO -  * Debugger PIN: 144-125-185
2023-08-29 11:40:31,094 - INFO - https://www.google.co.in/search?q=aliens&num=1&gl=IN&tbs=sbd:1,qdr:d&tbm=nws&source=lnt&num=20&gl=IN
2023-08-29 11:41:00,620 - ERROR - Error downloading article from https://bleedingcool.com/tv/alien-fx-noah-hawley-series-suspends-filming-kit-young-joins-cast/: Article `download()` failed with 403 Client Error: Forbidden for url: https://bleedingcool.com/tv/alien-fx-noah-hawley-series-suspends-filming-kit-young-joins-cast/ on URL https://bleedingcool.com/tv/alien-fx-noah-hawley-series-suspends-filming-kit-young-joins-cast/
2023-08-29 11:41:00,620 - INFO - Retrying in 5 seconds...
2023-08-29 11:41:01,449 - ERROR - Error downloading article from https://bleedingcool.com/tv/alien-fx-noah-hawley-series-suspends-filming-kit-young-joins-cast/: Article `download()` failed with 403 Client Error: Forbidden for url: https://bleedingcool.com/tv/alien-fx-noah-hawley-series-suspends-filming-kit-young-joins-cast/ on URL https://bleedingcool.com/tv/alien-fx-noah-hawley-series-suspends-filming-kit-young-joins-cast/
2023-08-29 11:41:01,449 - INFO - Retrying in 5 seconds...
2023-08-29 11:41:02,366 - ERROR - Error downloading article from https://bleedingcool.com/tv/alien-fx-noah-hawley-series-suspends-filming-kit-young-joins-cast/: Article `download()` failed with 403 Client Error: Forbidden for url: https://bleedingcool.com/tv/alien-fx-noah-hawley-series-suspends-filming-kit-young-joins-cast/ on URL https://bleedingcool.com/tv/alien-fx-noah-hawley-series-suspends-filming-kit-young-joins-cast/
2023-08-29 11:41:02,366 - INFO - Retrying in 5 seconds...
2023-08-29 11:41:02,368 - INFO - Skipping article: https://bleedingcool.com/tv/alien-fx-noah-hawley-series-suspends-filming-kit-young-joins-cast/
2023-08-29 11:41:04,230 - ERROR - Error downloading article from https://www.dailyexpress.com.my/news/219066/17-mamut-alien-plant-species-study-also-finds-low-density-and-diversity-of-butterflies-and-moths-/: Article `download()` failed with 404 Client Error: Not Found for url: https://www.dailyexpress.com.my/news/219066/17-mamut-alien-plant-species-study-also-finds-low-density-and-diversity-of-butterflies-and-moths-/ on URL https://www.dailyexpress.com.my/news/219066/17-mamut-alien-plant-species-study-also-finds-low-density-and-diversity-of-butterflies-and-moths-/
2023-08-29 11:41:04,230 - INFO - Retrying in 5 seconds...
2023-08-29 11:41:05,442 - ERROR - Error downloading article from https://www.dailyexpress.com.my/news/219066/17-mamut-alien-plant-species-study-also-finds-low-density-and-diversity-of-butterflies-and-moths-/: Article `download()` failed with 404 Client Error: Not Found for url: https://www.dailyexpress.com.my/news/219066/17-mamut-alien-plant-species-study-also-finds-low-density-and-diversity-of-butterflies-and-moths-/ on URL https://www.dailyexpress.com.my/news/219066/17-mamut-alien-plant-species-study-also-finds-low-density-and-diversity-of-butterflies-and-moths-/
2023-08-29 11:41:05,442 - INFO - Retrying in 5 seconds...
2023-08-29 11:41:06,453 - ERROR - Error downloading article from https://www.dailyexpress.com.my/news/219066/17-mamut-alien-plant-species-study-also-finds-low-density-and-diversity-of-butterflies-and-moths-/: Article `download()` failed with 404 Client Error: Not Found for url: https://www.dailyexpress.com.my/news/219066/17-mamut-alien-plant-species-study-also-finds-low-density-and-diversity-of-butterflies-and-moths-/ on URL https://www.dailyexpress.com.my/news/219066/17-mamut-alien-plant-species-study-also-finds-low-density-and-diversity-of-butterflies-and-moths-/
2023-08-29 11:41:06,455 - INFO - Retrying in 5 seconds...
2023-08-29 11:41:06,455 - INFO - Skipping article: https://www.dailyexpress.com.my/news/219066/17-mamut-alien-plant-species-study-also-finds-low-density-and-diversity-of-butterflies-and-moths-/
2023-08-29 11:41:20,845 - ERROR - Error downloading article from https://ladiesgamers.com/die-after-sunset-review/: Article `download()` failed with HTTPSConnectionPool(host='ladiesgamers.com', port=443): Read timed out. (read timeout=7) on URL https://ladiesgamers.com/die-after-sunset-review/
2023-08-29 11:41:20,846 - INFO - Retrying in 5 seconds...
2023-08-29 11:42:11,948 - INFO -  * Detected change in 'c:\\Users\\asoka\\Documents\\gitprojects\\google_news_sentiment_analysis\\api\\app.py', reloading
2023-08-29 11:42:12,212 - INFO -  * Restarting with stat
2023-08-29 11:42:20,802 - INFO - [31m[1mWARNING: This is a development server. Do not use it in a production deployment. Use a production WSGI server instead.[0m
 * Running on http://127.0.0.1:5000
2023-08-29 11:42:20,802 - INFO - [33mPress CTRL+C to quit[0m
2023-08-29 11:42:20,804 - INFO -  * Restarting with stat
2023-08-29 11:42:30,621 - WARNING -  * Debugger is active!
2023-08-29 11:42:30,623 - INFO -  * Debugger PIN: 144-125-185
2023-08-29 11:42:30,639 - INFO - https://www.google.co.in/search?q=aliens&num=1&gl=IN&tbs=sbd:1,qdr:d&tbm=nws&source=lnt&num=20&gl=IN
2023-08-29 11:42:51,962 - ERROR - Error downloading article from https://www.dailymail.co.uk/tvshowbiz/article-12455233/Princess-Leias-Star-Wars-costume-auction.html: Article `download()` failed with HTTPSConnectionPool(host='www.dailymail.co.uk', port=443): Read timed out. (read timeout=7) on URL https://www.dailymail.co.uk/tvshowbiz/article-12455233/Princess-Leias-Star-Wars-costume-auction.html
2023-08-29 11:42:51,962 - INFO - Retrying in 5 seconds...
2023-08-29 11:42:58,974 - ERROR - Error downloading article from https://www.dailymail.co.uk/tvshowbiz/article-12455233/Princess-Leias-Star-Wars-costume-auction.html: Article `download()` failed with HTTPSConnectionPool(host='www.dailymail.co.uk', port=443): Max retries exceeded with url: /tvshowbiz/article-12455233/Princess-Leias-Star-Wars-costume-auction.html (Caused by ConnectTimeoutError(<urllib3.connection.HTTPSConnection object at 0x000002D38B47F050>, 'Connection to www.dailymail.co.uk timed out. (connect timeout=7)')) on URL https://www.dailymail.co.uk/tvshowbiz/article-12455233/Princess-Leias-Star-Wars-costume-auction.html
2023-08-29 11:42:58,974 - INFO - Retrying in 5 seconds...
2023-08-29 11:43:05,993 - ERROR - Error downloading article from https://www.dailymail.co.uk/tvshowbiz/article-12455233/Princess-Leias-Star-Wars-costume-auction.html: Article `download()` failed with HTTPSConnectionPool(host='www.dailymail.co.uk', port=443): Max retries exceeded with url: /tvshowbiz/article-12455233/Princess-Leias-Star-Wars-costume-auction.html (Caused by ConnectTimeoutError(<urllib3.connection.HTTPSConnection object at 0x000002D38B1230D0>, 'Connection to www.dailymail.co.uk timed out. (connect timeout=7)')) on URL https://www.dailymail.co.uk/tvshowbiz/article-12455233/Princess-Leias-Star-Wars-costume-auction.html
2023-08-29 11:43:05,993 - INFO - Retrying in 5 seconds...
2023-08-29 11:43:05,993 - INFO - Skipping article: https://www.dailymail.co.uk/tvshowbiz/article-12455233/Princess-Leias-Star-Wars-costume-auction.html
2023-08-29 11:43:20,007 - ERROR - Error downloading article from https://wegotthiscovered.com/movies/shadow-and-bone-star-joins-the-cast-of-fxs-alien-series/: Article `download()` failed with HTTPSConnectionPool(host='wegotthiscovered.com', port=443): Max retries exceeded with url: /movies/shadow-and-bone-star-joins-the-cast-of-fxs-alien-series/ (Caused by ConnectTimeoutError(<urllib3.connection.HTTPSConnection object at 0x000002D38B4A4B90>, 'Connection to wegotthiscovered.com timed out. (connect timeout=7)')) on URL https://wegotthiscovered.com/movies/shadow-and-bone-star-joins-the-cast-of-fxs-alien-series/
2023-08-29 11:43:20,008 - INFO - Retrying in 5 seconds...
2023-08-29 11:43:34,032 - ERROR - Error downloading article from https://wegotthiscovered.com/movies/shadow-and-bone-star-joins-the-cast-of-fxs-alien-series/: Article `download()` failed with HTTPSConnectionPool(host='wegotthiscovered.com', port=443): Max retries exceeded with url: /movies/shadow-and-bone-star-joins-the-cast-of-fxs-alien-series/ (Caused by ConnectTimeoutError(<urllib3.connection.HTTPSConnection object at 0x000002D38B47F390>, 'Connection to wegotthiscovered.com timed out. (connect timeout=7)')) on URL https://wegotthiscovered.com/movies/shadow-and-bone-star-joins-the-cast-of-fxs-alien-series/
2023-08-29 11:43:34,032 - INFO - Retrying in 5 seconds...
2023-08-29 11:43:48,046 - ERROR - Error downloading article from https://wegotthiscovered.com/movies/shadow-and-bone-star-joins-the-cast-of-fxs-alien-series/: Article `download()` failed with HTTPSConnectionPool(host='wegotthiscovered.com', port=443): Max retries exceeded with url: /movies/shadow-and-bone-star-joins-the-cast-of-fxs-alien-series/ (Caused by ConnectTimeoutError(<urllib3.connection.HTTPSConnection object at 0x000002D38B47FBD0>, 'Connection to wegotthiscovered.com timed out. (connect timeout=7)')) on URL https://wegotthiscovered.com/movies/shadow-and-bone-star-joins-the-cast-of-fxs-alien-series/
2023-08-29 11:43:48,046 - INFO - Retrying in 5 seconds...
2023-08-29 11:43:48,046 - INFO - Skipping article: https://wegotthiscovered.com/movies/shadow-and-bone-star-joins-the-cast-of-fxs-alien-series/
2023-08-29 11:43:48,055 - ERROR - Error downloading article from https://comicbook.com/tv-shows/news/fx-alien-series-suspends-production-sag-aftra-strike/: Article `download()` failed with HTTPSConnectionPool(host='comicbook.com', port=443): Max retries exceeded with url: /tv-shows/news/fx-alien-series-suspends-production-sag-aftra-strike/ (Caused by NewConnectionError('<urllib3.connection.HTTPSConnection object at 0x000002D38B497B90>: Failed to establish a new connection: [Errno 11001] getaddrinfo failed')) on URL https://comicbook.com/tv-shows/news/fx-alien-series-suspends-production-sag-aftra-strike/
2023-08-29 11:43:48,055 - INFO - Retrying in 5 seconds...
2023-08-29 11:43:48,055 - ERROR - Error downloading article from https://comicbook.com/tv-shows/news/fx-alien-series-suspends-production-sag-aftra-strike/: Article `download()` failed with HTTPSConnectionPool(host='comicbook.com', port=443): Max retries exceeded with url: /tv-shows/news/fx-alien-series-suspends-production-sag-aftra-strike/ (Caused by NewConnectionError('<urllib3.connection.HTTPSConnection object at 0x000002D38B497F50>: Failed to establish a new connection: [Errno 11001] getaddrinfo failed')) on URL https://comicbook.com/tv-shows/news/fx-alien-series-suspends-production-sag-aftra-strike/
2023-08-29 11:43:48,055 - INFO - Retrying in 5 seconds...
2023-08-29 11:43:48,062 - ERROR - Error downloading article from https://comicbook.com/tv-shows/news/fx-alien-series-suspends-production-sag-aftra-strike/: Article `download()` failed with HTTPSConnectionPool(host='comicbook.com', port=443): Max retries exceeded with url: /tv-shows/news/fx-alien-series-suspends-production-sag-aftra-strike/ (Caused by NewConnectionError('<urllib3.connection.HTTPSConnection object at 0x000002D38B495050>: Failed to establish a new connection: [Errno 11001] getaddrinfo failed')) on URL https://comicbook.com/tv-shows/news/fx-alien-series-suspends-production-sag-aftra-strike/
2023-08-29 11:43:48,062 - INFO - Retrying in 5 seconds...
2023-08-29 11:43:48,062 - INFO - Skipping article: https://comicbook.com/tv-shows/news/fx-alien-series-suspends-production-sag-aftra-strike/
2023-08-29 11:43:48,066 - ERROR - Error downloading article from https://www.hitc.com/en-gb/2023/08/29/ufo-from-the-80s-in-hudson-valley-looked-like-a-christmas-tree-in-the-sky/: Article `download()` failed with HTTPSConnectionPool(host='www.hitc.com', port=443): Max retries exceeded with url: /en-gb/2023/08/29/ufo-from-the-80s-in-hudson-valley-looked-like-a-christmas-tree-in-the-sky/ (Caused by NewConnectionError('<urllib3.connection.HTTPSConnection object at 0x000002D38B494650>: Failed to establish a new connection: [Errno 11001] getaddrinfo failed')) on URL https://www.hitc.com/en-gb/2023/08/29/ufo-from-the-80s-in-hudson-valley-looked-like-a-christmas-tree-in-the-sky/
2023-08-29 11:43:48,066 - INFO - Retrying in 5 seconds...
2023-08-29 11:43:48,066 - ERROR - Error downloading article from https://www.hitc.com/en-gb/2023/08/29/ufo-from-the-80s-in-hudson-valley-looked-like-a-christmas-tree-in-the-sky/: Article `download()` failed with HTTPSConnectionPool(host='www.hitc.com', port=443): Max retries exceeded with url: /en-gb/2023/08/29/ufo-from-the-80s-in-hudson-valley-looked-like-a-christmas-tree-in-the-sky/ (Caused by NewConnectionError('<urllib3.connection.HTTPSConnection object at 0x000002D38B496010>: Failed to establish a new connection: [Errno 11001] getaddrinfo failed')) on URL https://www.hitc.com/en-gb/2023/08/29/ufo-from-the-80s-in-hudson-valley-looked-like-a-christmas-tree-in-the-sky/
2023-08-29 11:43:48,066 - INFO - Retrying in 5 seconds...
2023-08-29 11:43:48,072 - ERROR - Error downloading article from https://www.hitc.com/en-gb/2023/08/29/ufo-from-the-80s-in-hudson-valley-looked-like-a-christmas-tree-in-the-sky/: Article `download()` failed with HTTPSConnectionPool(host='www.hitc.com', port=443): Max retries exceeded with url: /en-gb/2023/08/29/ufo-from-the-80s-in-hudson-valley-looked-like-a-christmas-tree-in-the-sky/ (Caused by NewConnectionError('<urllib3.connection.HTTPSConnection object at 0x000002D38B497B10>: Failed to establish a new connection: [Errno 11001] getaddrinfo failed')) on URL https://www.hitc.com/en-gb/2023/08/29/ufo-from-the-80s-in-hudson-valley-looked-like-a-christmas-tree-in-the-sky/
2023-08-29 11:43:48,072 - INFO - Retrying in 5 seconds...
2023-08-29 11:43:48,072 - INFO - Skipping article: https://www.hitc.com/en-gb/2023/08/29/ufo-from-the-80s-in-hudson-valley-looked-like-a-christmas-tree-in-the-sky/
2023-08-29 11:43:48,072 - ERROR - Error downloading article from https://bleedingcool.com/tv/alien-fx-noah-hawley-series-suspends-filming-kit-young-joins-cast/: Article `download()` failed with HTTPSConnectionPool(host='bleedingcool.com', port=443): Max retries exceeded with url: /tv/alien-fx-noah-hawley-series-suspends-filming-kit-young-joins-cast/ (Caused by NewConnectionError('<urllib3.connection.HTTPSConnection object at 0x000002D38B4947D0>: Failed to establish a new connection: [Errno 11001] getaddrinfo failed')) on URL https://bleedingcool.com/tv/alien-fx-noah-hawley-series-suspends-filming-kit-young-joins-cast/
2023-08-29 11:43:48,072 - INFO - Retrying in 5 seconds...
2023-08-29 11:43:48,079 - ERROR - Error downloading article from https://bleedingcool.com/tv/alien-fx-noah-hawley-series-suspends-filming-kit-young-joins-cast/: Article `download()` failed with HTTPSConnectionPool(host='bleedingcool.com', port=443): Max retries exceeded with url: /tv/alien-fx-noah-hawley-series-suspends-filming-kit-young-joins-cast/ (Caused by NewConnectionError('<urllib3.connection.HTTPSConnection object at 0x000002D38B497810>: Failed to establish a new connection: [Errno 11001] getaddrinfo failed')) on URL https://bleedingcool.com/tv/alien-fx-noah-hawley-series-suspends-filming-kit-young-joins-cast/
2023-08-29 11:43:48,079 - INFO - Retrying in 5 seconds...
2023-08-29 11:43:48,082 - ERROR - Error downloading article from https://bleedingcool.com/tv/alien-fx-noah-hawley-series-suspends-filming-kit-young-joins-cast/: Article `download()` failed with HTTPSConnectionPool(host='bleedingcool.com', port=443): Max retries exceeded with url: /tv/alien-fx-noah-hawley-series-suspends-filming-kit-young-joins-cast/ (Caused by NewConnectionError('<urllib3.connection.HTTPSConnection object at 0x000002D38B497890>: Failed to establish a new connection: [Errno 11001] getaddrinfo failed')) on URL https://bleedingcool.com/tv/alien-fx-noah-hawley-series-suspends-filming-kit-young-joins-cast/
2023-08-29 11:43:48,082 - INFO - Retrying in 5 seconds...
2023-08-29 11:43:48,082 - INFO - Skipping article: https://bleedingcool.com/tv/alien-fx-noah-hawley-series-suspends-filming-kit-young-joins-cast/
2023-08-29 11:43:48,082 - ERROR - Error downloading article from https://www.teslarati.com/tesla-cybertruck-alien-vehicle-video/: Article `download()` failed with HTTPSConnectionPool(host='www.teslarati.com', port=443): Max retries exceeded with url: /tesla-cybertruck-alien-vehicle-video/ (Caused by NewConnectionError('<urllib3.connection.HTTPSConnection object at 0x000002D38B497590>: Failed to establish a new connection: [Errno 11001] getaddrinfo failed')) on URL https://www.teslarati.com/tesla-cybertruck-alien-vehicle-video/
2023-08-29 11:43:48,082 - INFO - Retrying in 5 seconds...
2023-08-29 11:43:48,088 - ERROR - Error downloading article from https://www.teslarati.com/tesla-cybertruck-alien-vehicle-video/: Article `download()` failed with HTTPSConnectionPool(host='www.teslarati.com', port=443): Max retries exceeded with url: /tesla-cybertruck-alien-vehicle-video/ (Caused by NewConnectionError('<urllib3.connection.HTTPSConnection object at 0x000002D38B497390>: Failed to establish a new connection: [Errno 11001] getaddrinfo failed')) on URL https://www.teslarati.com/tesla-cybertruck-alien-vehicle-video/
2023-08-29 11:43:48,088 - INFO - Retrying in 5 seconds...
2023-08-29 11:43:48,091 - ERROR - Error downloading article from https://www.teslarati.com/tesla-cybertruck-alien-vehicle-video/: Article `download()` failed with HTTPSConnectionPool(host='www.teslarati.com', port=443): Max retries exceeded with url: /tesla-cybertruck-alien-vehicle-video/ (Caused by NewConnectionError('<urllib3.connection.HTTPSConnection object at 0x000002D38B494D90>: Failed to establish a new connection: [Errno 11001] getaddrinfo failed')) on URL https://www.teslarati.com/tesla-cybertruck-alien-vehicle-video/
2023-08-29 11:43:48,091 - INFO - Retrying in 5 seconds...
2023-08-29 11:43:48,091 - INFO - Skipping article: https://www.teslarati.com/tesla-cybertruck-alien-vehicle-video/
2023-08-29 11:43:48,095 - ERROR - Error downloading article from https://www.dailyexpress.com.my/news/219066/17-mamut-alien-plant-species-study-also-finds-low-density-and-diversity-of-butterflies-and-moths-/: Article `download()` failed with HTTPSConnectionPool(host='www.dailyexpress.com.my', port=443): Max retries exceeded with url: /news/219066/17-mamut-alien-plant-species-study-also-finds-low-density-and-diversity-of-butterflies-and-moths-/ (Caused by NewConnectionError('<urllib3.connection.HTTPSConnection object at 0x000002D38B4976D0>: Failed to establish a new connection: [Errno 11001] getaddrinfo failed')) on URL https://www.dailyexpress.com.my/news/219066/17-mamut-alien-plant-species-study-also-finds-low-density-and-diversity-of-butterflies-and-moths-/
2023-08-29 11:43:48,095 - INFO - Retrying in 5 seconds...
2023-08-29 11:43:48,098 - ERROR - Error downloading article from https://www.dailyexpress.com.my/news/219066/17-mamut-alien-plant-species-study-also-finds-low-density-and-diversity-of-butterflies-and-moths-/: Article `download()` failed with HTTPSConnectionPool(host='www.dailyexpress.com.my', port=443): Max retries exceeded with url: /news/219066/17-mamut-alien-plant-species-study-also-finds-low-density-and-diversity-of-butterflies-and-moths-/ (Caused by NewConnectionError('<urllib3.connection.HTTPSConnection object at 0x000002D38B497750>: Failed to establish a new connection: [Errno 11001] getaddrinfo failed')) on URL https://www.dailyexpress.com.my/news/219066/17-mamut-alien-plant-species-study-also-finds-low-density-and-diversity-of-butterflies-and-moths-/
2023-08-29 11:43:48,098 - INFO - Retrying in 5 seconds...
2023-08-29 11:43:48,101 - ERROR - Error downloading article from https://www.dailyexpress.com.my/news/219066/17-mamut-alien-plant-species-study-also-finds-low-density-and-diversity-of-butterflies-and-moths-/: Article `download()` failed with HTTPSConnectionPool(host='www.dailyexpress.com.my', port=443): Max retries exceeded with url: /news/219066/17-mamut-alien-plant-species-study-also-finds-low-density-and-diversity-of-butterflies-and-moths-/ (Caused by NewConnectionError('<urllib3.connection.HTTPSConnection object at 0x000002D38B497850>: Failed to establish a new connection: [Errno 11001] getaddrinfo failed')) on URL https://www.dailyexpress.com.my/news/219066/17-mamut-alien-plant-species-study-also-finds-low-density-and-diversity-of-butterflies-and-moths-/
2023-08-29 11:43:48,101 - INFO - Retrying in 5 seconds...
2023-08-29 11:43:48,101 - INFO - Skipping article: https://www.dailyexpress.com.my/news/219066/17-mamut-alien-plant-species-study-also-finds-low-density-and-diversity-of-butterflies-and-moths-/
2023-08-29 11:43:48,101 - ERROR - Error downloading article from https://ladiesgamers.com/die-after-sunset-review/: Article `download()` failed with HTTPSConnectionPool(host='ladiesgamers.com', port=443): Max retries exceeded with url: /die-after-sunset-review/ (Caused by NewConnectionError('<urllib3.connection.HTTPSConnection object at 0x000002D38B494750>: Failed to establish a new connection: [Errno 11001] getaddrinfo failed')) on URL https://ladiesgamers.com/die-after-sunset-review/
2023-08-29 11:43:48,101 - INFO - Retrying in 5 seconds...
2023-08-29 11:43:48,108 - ERROR - Error downloading article from https://ladiesgamers.com/die-after-sunset-review/: Article `download()` failed with HTTPSConnectionPool(host='ladiesgamers.com', port=443): Max retries exceeded with url: /die-after-sunset-review/ (Caused by NewConnectionError('<urllib3.connection.HTTPSConnection object at 0x000002D38B496810>: Failed to establish a new connection: [Errno 11001] getaddrinfo failed')) on URL https://ladiesgamers.com/die-after-sunset-review/
2023-08-29 11:43:48,108 - INFO - Retrying in 5 seconds...
2023-08-29 11:43:48,111 - ERROR - Error downloading article from https://ladiesgamers.com/die-after-sunset-review/: Article `download()` failed with HTTPSConnectionPool(host='ladiesgamers.com', port=443): Max retries exceeded with url: /die-after-sunset-review/ (Caused by NewConnectionError('<urllib3.connection.HTTPSConnection object at 0x000002D38B494ED0>: Failed to establish a new connection: [Errno 11001] getaddrinfo failed')) on URL https://ladiesgamers.com/die-after-sunset-review/
2023-08-29 11:43:48,111 - INFO - Retrying in 5 seconds...
2023-08-29 11:43:48,111 - INFO - Skipping article: https://ladiesgamers.com/die-after-sunset-review/
2023-08-29 11:43:48,111 - ERROR - Error downloading article from https://www.msn.com/en-us/entertainment/news/here-s-what-s-new-on-hulu-in-september-2023-and-what-s-leaving/ar-AA1fCxl9%3Focid%3Da2hs: Article `download()` failed with HTTPSConnectionPool(host='www.msn.com', port=443): Max retries exceeded with url: /en-us/entertainment/news/here-s-what-s-new-on-hulu-in-september-2023-and-what-s-leaving/ar-AA1fCxl9%3Focid%3Da2hs (Caused by NewConnectionError('<urllib3.connection.HTTPSConnection object at 0x000002D38B495710>: Failed to establish a new connection: [Errno 11001] getaddrinfo failed')) on URL https://www.msn.com/en-us/entertainment/news/here-s-what-s-new-on-hulu-in-september-2023-and-what-s-leaving/ar-AA1fCxl9%3Focid%3Da2hs
2023-08-29 11:43:48,111 - INFO - Retrying in 5 seconds...
2023-08-29 11:43:48,111 - ERROR - Error downloading article from https://www.msn.com/en-us/entertainment/news/here-s-what-s-new-on-hulu-in-september-2023-and-what-s-leaving/ar-AA1fCxl9%3Focid%3Da2hs: Article `download()` failed with HTTPSConnectionPool(host='www.msn.com', port=443): Max retries exceeded with url: /en-us/entertainment/news/here-s-what-s-new-on-hulu-in-september-2023-and-what-s-leaving/ar-AA1fCxl9%3Focid%3Da2hs (Caused by NewConnectionError('<urllib3.connection.HTTPSConnection object at 0x000002D38B497990>: Failed to establish a new connection: [Errno 11001] getaddrinfo failed')) on URL https://www.msn.com/en-us/entertainment/news/here-s-what-s-new-on-hulu-in-september-2023-and-what-s-leaving/ar-AA1fCxl9%3Focid%3Da2hs
2023-08-29 11:43:48,111 - INFO - Retrying in 5 seconds...
2023-08-29 11:43:48,111 - ERROR - Error downloading article from https://www.msn.com/en-us/entertainment/news/here-s-what-s-new-on-hulu-in-september-2023-and-what-s-leaving/ar-AA1fCxl9%3Focid%3Da2hs: Article `download()` failed with HTTPSConnectionPool(host='www.msn.com', port=443): Max retries exceeded with url: /en-us/entertainment/news/here-s-what-s-new-on-hulu-in-september-2023-and-what-s-leaving/ar-AA1fCxl9%3Focid%3Da2hs (Caused by NewConnectionError('<urllib3.connection.HTTPSConnection object at 0x000002D38B496410>: Failed to establish a new connection: [Errno 11001] getaddrinfo failed')) on URL https://www.msn.com/en-us/entertainment/news/here-s-what-s-new-on-hulu-in-september-2023-and-what-s-leaving/ar-AA1fCxl9%3Focid%3Da2hs
2023-08-29 11:43:48,111 - INFO - Retrying in 5 seconds...
2023-08-29 11:43:48,111 - INFO - Skipping article: https://www.msn.com/en-us/entertainment/news/here-s-what-s-new-on-hulu-in-september-2023-and-what-s-leaving/ar-AA1fCxl9%3Focid%3Da2hs
2023-08-29 11:43:48,127 - ERROR - Error downloading article from https://thedisinsider.com/2023/08/28/fxs-alien-series-halts-filming-amid-sag-aftra-strike/: Article `download()` failed with HTTPSConnectionPool(host='thedisinsider.com', port=443): Max retries exceeded with url: /2023/08/28/fxs-alien-series-halts-filming-amid-sag-aftra-strike/ (Caused by NewConnectionError('<urllib3.connection.HTTPSConnection object at 0x000002D38B495090>: Failed to establish a new connection: [Errno 11001] getaddrinfo failed')) on URL https://thedisinsider.com/2023/08/28/fxs-alien-series-halts-filming-amid-sag-aftra-strike/
2023-08-29 11:43:48,127 - INFO - Retrying in 5 seconds...
2023-08-29 11:43:48,131 - ERROR - Error downloading article from https://thedisinsider.com/2023/08/28/fxs-alien-series-halts-filming-amid-sag-aftra-strike/: Article `download()` failed with HTTPSConnectionPool(host='thedisinsider.com', port=443): Max retries exceeded with url: /2023/08/28/fxs-alien-series-halts-filming-amid-sag-aftra-strike/ (Caused by NewConnectionError('<urllib3.connection.HTTPSConnection object at 0x000002D38B4955D0>: Failed to establish a new connection: [Errno 11001] getaddrinfo failed')) on URL https://thedisinsider.com/2023/08/28/fxs-alien-series-halts-filming-amid-sag-aftra-strike/
2023-08-29 11:43:48,131 - INFO - Retrying in 5 seconds...
2023-08-29 11:43:48,132 - ERROR - Error downloading article from https://thedisinsider.com/2023/08/28/fxs-alien-series-halts-filming-amid-sag-aftra-strike/: Article `download()` failed with HTTPSConnectionPool(host='thedisinsider.com', port=443): Max retries exceeded with url: /2023/08/28/fxs-alien-series-halts-filming-amid-sag-aftra-strike/ (Caused by NewConnectionError('<urllib3.connection.HTTPSConnection object at 0x000002D38B497190>: Failed to establish a new connection: [Errno 11001] getaddrinfo failed')) on URL https://thedisinsider.com/2023/08/28/fxs-alien-series-halts-filming-amid-sag-aftra-strike/
2023-08-29 11:43:48,132 - INFO - Retrying in 5 seconds...
2023-08-29 11:43:48,132 - INFO - Skipping article: https://thedisinsider.com/2023/08/28/fxs-alien-series-halts-filming-amid-sag-aftra-strike/
2023-08-29 11:43:48,132 - ERROR - Error downloading article from https://frontierindia.com/briefs/ufos-and-aliens-neil-degrasse-tyson-suggests-governments-inability-to-hide-secrets/: Article `download()` failed with HTTPSConnectionPool(host='frontierindia.com', port=443): Max retries exceeded with url: /briefs/ufos-and-aliens-neil-degrasse-tyson-suggests-governments-inability-to-hide-secrets/ (Caused by NewConnectionError('<urllib3.connection.HTTPSConnection object at 0x000002D38B495A90>: Failed to establish a new connection: [Errno 11001] getaddrinfo failed')) on URL https://frontierindia.com/briefs/ufos-and-aliens-neil-degrasse-tyson-suggests-governments-inability-to-hide-secrets/
2023-08-29 11:43:48,132 - INFO - Retrying in 5 seconds...
2023-08-29 11:43:48,132 - ERROR - Error downloading article from https://frontierindia.com/briefs/ufos-and-aliens-neil-degrasse-tyson-suggests-governments-inability-to-hide-secrets/: Article `download()` failed with HTTPSConnectionPool(host='frontierindia.com', port=443): Max retries exceeded with url: /briefs/ufos-and-aliens-neil-degrasse-tyson-suggests-governments-inability-to-hide-secrets/ (Caused by NewConnectionError('<urllib3.connection.HTTPSConnection object at 0x000002D38B495090>: Failed to establish a new connection: [Errno 11001] getaddrinfo failed')) on URL https://frontierindia.com/briefs/ufos-and-aliens-neil-degrasse-tyson-suggests-governments-inability-to-hide-secrets/
2023-08-29 11:43:48,132 - INFO - Retrying in 5 seconds...
2023-08-29 11:43:48,143 - ERROR - Error downloading article from https://frontierindia.com/briefs/ufos-and-aliens-neil-degrasse-tyson-suggests-governments-inability-to-hide-secrets/: Article `download()` failed with HTTPSConnectionPool(host='frontierindia.com', port=443): Max retries exceeded with url: /briefs/ufos-and-aliens-neil-degrasse-tyson-suggests-governments-inability-to-hide-secrets/ (Caused by NewConnectionError('<urllib3.connection.HTTPSConnection object at 0x000002D38B495650>: Failed to establish a new connection: [Errno 11001] getaddrinfo failed')) on URL https://frontierindia.com/briefs/ufos-and-aliens-neil-degrasse-tyson-suggests-governments-inability-to-hide-secrets/
2023-08-29 11:43:48,143 - INFO - Retrying in 5 seconds...
2023-08-29 11:43:48,143 - INFO - Skipping article: https://frontierindia.com/briefs/ufos-and-aliens-neil-degrasse-tyson-suggests-governments-inability-to-hide-secrets/
2023-08-29 11:43:48,143 - ERROR - Error downloading article from https://realnewsmontana.com/ixp/628/p/16-interesting-shots-of-montana-as-seen-from-google-earth/: Article `download()` failed with HTTPSConnectionPool(host='realnewsmontana.com', port=443): Max retries exceeded with url: /ixp/628/p/16-interesting-shots-of-montana-as-seen-from-google-earth/ (Caused by NewConnectionError('<urllib3.connection.HTTPSConnection object at 0x000002D38B497E50>: Failed to establish a new connection: [Errno 11001] getaddrinfo failed')) on URL https://realnewsmontana.com/ixp/628/p/16-interesting-shots-of-montana-as-seen-from-google-earth/
2023-08-29 11:43:48,143 - INFO - Retrying in 5 seconds...
2023-08-29 11:43:48,150 - ERROR - Error downloading article from https://realnewsmontana.com/ixp/628/p/16-interesting-shots-of-montana-as-seen-from-google-earth/: Article `download()` failed with HTTPSConnectionPool(host='realnewsmontana.com', port=443): Max retries exceeded with url: /ixp/628/p/16-interesting-shots-of-montana-as-seen-from-google-earth/ (Caused by NewConnectionError('<urllib3.connection.HTTPSConnection object at 0x000002D38B494C10>: Failed to establish a new connection: [Errno 11001] getaddrinfo failed')) on URL https://realnewsmontana.com/ixp/628/p/16-interesting-shots-of-montana-as-seen-from-google-earth/
2023-08-29 11:43:48,151 - INFO - Retrying in 5 seconds...
2023-08-29 11:43:48,151 - ERROR - Error downloading article from https://realnewsmontana.com/ixp/628/p/16-interesting-shots-of-montana-as-seen-from-google-earth/: Article `download()` failed with HTTPSConnectionPool(host='realnewsmontana.com', port=443): Max retries exceeded with url: /ixp/628/p/16-interesting-shots-of-montana-as-seen-from-google-earth/ (Caused by NewConnectionError('<urllib3.connection.HTTPSConnection object at 0x000002D38B497990>: Failed to establish a new connection: [Errno 11001] getaddrinfo failed')) on URL https://realnewsmontana.com/ixp/628/p/16-interesting-shots-of-montana-as-seen-from-google-earth/
2023-08-29 11:43:48,151 - INFO - Retrying in 5 seconds...
2023-08-29 11:43:48,151 - INFO - Skipping article: https://realnewsmontana.com/ixp/628/p/16-interesting-shots-of-montana-as-seen-from-google-earth/
2023-08-29 11:43:48,156 - ERROR - Error downloading article from https://deadline.com/2023/08/alien-kit-young-cast-production-shut-down-sag-aftra-strike-fx-1235530026/: Article `download()` failed with HTTPSConnectionPool(host='deadline.com', port=443): Max retries exceeded with url: /2023/08/alien-kit-young-cast-production-shut-down-sag-aftra-strike-fx-1235530026/ (Caused by NewConnectionError('<urllib3.connection.HTTPSConnection object at 0x000002D38B4A2AD0>: Failed to establish a new connection: [Errno 11001] getaddrinfo failed')) on URL https://deadline.com/2023/08/alien-kit-young-cast-production-shut-down-sag-aftra-strike-fx-1235530026/
2023-08-29 11:43:48,156 - INFO - Retrying in 5 seconds...
2023-08-29 11:43:48,159 - ERROR - Error downloading article from https://deadline.com/2023/08/alien-kit-young-cast-production-shut-down-sag-aftra-strike-fx-1235530026/: Article `download()` failed with HTTPSConnectionPool(host='deadline.com', port=443): Max retries exceeded with url: /2023/08/alien-kit-young-cast-production-shut-down-sag-aftra-strike-fx-1235530026/ (Caused by NewConnectionError('<urllib3.connection.HTTPSConnection object at 0x000002D38B497690>: Failed to establish a new connection: [Errno 11001] getaddrinfo failed')) on URL https://deadline.com/2023/08/alien-kit-young-cast-production-shut-down-sag-aftra-strike-fx-1235530026/
2023-08-29 11:43:48,159 - INFO - Retrying in 5 seconds...
2023-08-29 11:43:48,159 - ERROR - Error downloading article from https://deadline.com/2023/08/alien-kit-young-cast-production-shut-down-sag-aftra-strike-fx-1235530026/: Article `download()` failed with HTTPSConnectionPool(host='deadline.com', port=443): Max retries exceeded with url: /2023/08/alien-kit-young-cast-production-shut-down-sag-aftra-strike-fx-1235530026/ (Caused by NewConnectionError('<urllib3.connection.HTTPSConnection object at 0x000002D38B4948D0>: Failed to establish a new connection: [Errno 11001] getaddrinfo failed')) on URL https://deadline.com/2023/08/alien-kit-young-cast-production-shut-down-sag-aftra-strike-fx-1235530026/
2023-08-29 11:43:48,159 - INFO - Retrying in 5 seconds...
2023-08-29 11:43:48,159 - INFO - Skipping article: https://deadline.com/2023/08/alien-kit-young-cast-production-shut-down-sag-aftra-strike-fx-1235530026/
2023-08-29 11:43:48,167 - ERROR - Error downloading article from https://au.news.yahoo.com/aussie-mum-seeks-help-over-petrifying-sacs-hanging-from-backyard-tree-020435146.html: Article `download()` failed with HTTPSConnectionPool(host='au.news.yahoo.com', port=443): Max retries exceeded with url: /aussie-mum-seeks-help-over-petrifying-sacs-hanging-from-backyard-tree-020435146.html (Caused by NewConnectionError('<urllib3.connection.HTTPSConnection object at 0x000002D38B494C10>: Failed to establish a new connection: [Errno 11001] getaddrinfo failed')) on URL https://au.news.yahoo.com/aussie-mum-seeks-help-over-petrifying-sacs-hanging-from-backyard-tree-020435146.html
2023-08-29 11:43:48,167 - INFO - Retrying in 5 seconds...
2023-08-29 11:43:48,169 - ERROR - Error downloading article from https://au.news.yahoo.com/aussie-mum-seeks-help-over-petrifying-sacs-hanging-from-backyard-tree-020435146.html: Article `download()` failed with HTTPSConnectionPool(host='au.news.yahoo.com', port=443): Max retries exceeded with url: /aussie-mum-seeks-help-over-petrifying-sacs-hanging-from-backyard-tree-020435146.html (Caused by NewConnectionError('<urllib3.connection.HTTPSConnection object at 0x000002D38B494790>: Failed to establish a new connection: [Errno 11001] getaddrinfo failed')) on URL https://au.news.yahoo.com/aussie-mum-seeks-help-over-petrifying-sacs-hanging-from-backyard-tree-020435146.html
2023-08-29 11:43:48,169 - INFO - Retrying in 5 seconds...
2023-08-29 11:43:48,173 - ERROR - Error downloading article from https://au.news.yahoo.com/aussie-mum-seeks-help-over-petrifying-sacs-hanging-from-backyard-tree-020435146.html: Article `download()` failed with HTTPSConnectionPool(host='au.news.yahoo.com', port=443): Max retries exceeded with url: /aussie-mum-seeks-help-over-petrifying-sacs-hanging-from-backyard-tree-020435146.html (Caused by NewConnectionError('<urllib3.connection.HTTPSConnection object at 0x000002D38B494210>: Failed to establish a new connection: [Errno 11001] getaddrinfo failed')) on URL https://au.news.yahoo.com/aussie-mum-seeks-help-over-petrifying-sacs-hanging-from-backyard-tree-020435146.html
2023-08-29 11:43:48,173 - INFO - Retrying in 5 seconds...
2023-08-29 11:43:48,173 - INFO - Skipping article: https://au.news.yahoo.com/aussie-mum-seeks-help-over-petrifying-sacs-hanging-from-backyard-tree-020435146.html
2023-08-29 11:43:48,176 - ERROR - Error downloading article from https://support.google.com/websearch%3Fp%3Dws_settings_location%26hl%3Den-IN: Article `download()` failed with HTTPSConnectionPool(host='support.google.com', port=443): Max retries exceeded with url: /websearch%3Fp%3Dws_settings_location%26hl%3Den-IN (Caused by NewConnectionError('<urllib3.connection.HTTPSConnection object at 0x000002D38B4948D0>: Failed to establish a new connection: [Errno 11001] getaddrinfo failed')) on URL https://support.google.com/websearch%3Fp%3Dws_settings_location%26hl%3Den-IN
2023-08-29 11:43:48,176 - INFO - Retrying in 5 seconds...
2023-08-29 11:43:48,179 - ERROR - Error downloading article from https://support.google.com/websearch%3Fp%3Dws_settings_location%26hl%3Den-IN: Article `download()` failed with HTTPSConnectionPool(host='support.google.com', port=443): Max retries exceeded with url: /websearch%3Fp%3Dws_settings_location%26hl%3Den-IN (Caused by NewConnectionError('<urllib3.connection.HTTPSConnection object at 0x000002D38B495190>: Failed to establish a new connection: [Errno 11001] getaddrinfo failed')) on URL https://support.google.com/websearch%3Fp%3Dws_settings_location%26hl%3Den-IN
2023-08-29 11:43:48,179 - INFO - Retrying in 5 seconds...
2023-08-29 11:43:48,181 - ERROR - Error downloading article from https://support.google.com/websearch%3Fp%3Dws_settings_location%26hl%3Den-IN: Article `download()` failed with HTTPSConnectionPool(host='support.google.com', port=443): Max retries exceeded with url: /websearch%3Fp%3Dws_settings_location%26hl%3Den-IN (Caused by NewConnectionError('<urllib3.connection.HTTPSConnection object at 0x000002D38B495B90>: Failed to establish a new connection: [Errno 11001] getaddrinfo failed')) on URL https://support.google.com/websearch%3Fp%3Dws_settings_location%26hl%3Den-IN
2023-08-29 11:43:48,184 - INFO - Retrying in 5 seconds...
2023-08-29 11:43:48,185 - INFO - Skipping article: https://support.google.com/websearch%3Fp%3Dws_settings_location%26hl%3Den-IN
2023-08-29 11:43:48,185 - INFO - Skipping blacklisted domain: accounts.google.com
2023-08-29 11:43:48,208 - INFO - 127.0.0.1 - - [29/Aug/2023 11:43:48] "GET /api/articles?query=aliens HTTP/1.1" 200 -
2023-08-29 11:44:14,527 - INFO -  * Detected change in 'c:\\Users\\asoka\\Documents\\gitprojects\\google_news_sentiment_analysis\\api\\app.py', reloading
2023-08-29 11:44:14,983 - INFO -  * Restarting with stat
2023-08-29 11:44:20,105 - WARNING -  * Debugger is active!
2023-08-29 11:44:20,111 - INFO -  * Debugger PIN: 144-125-185
2023-08-29 11:46:03,947 - INFO -  * Detected change in 'c:\\Users\\asoka\\Documents\\gitprojects\\google_news_sentiment_analysis\\api\\app.py', reloading
2023-08-29 11:46:04,178 - INFO -  * Restarting with stat
